<?xml version="1.0" encoding="UTF-8"?>
<testng-results total="1" passed="0" failed="1" skipped="0">
  <reporter-output>
  </reporter-output>
  <suite started-at="2018-06-22T19:17:00Z" name="Default suite" finished-at="2018-06-22T19:17:51Z" duration-ms="50463">
    <groups>
    </groups>
    <test started-at="2018-06-22T19:17:00Z" name="Default test" finished-at="2018-06-22T19:17:51Z" duration-ms="50463">
      <class name="moproDCC.moproDCC.createprojectTest">
        <test-method is-config="true" signature="setup()[pri:0, instance:moproDCC.moproDCC.createprojectTest@4961f6af]" started-at="2018-06-22T12:17:00Z" name="setup" finished-at="2018-06-22T12:17:05Z" duration-ms="4418" status="PASS">
          <reporter-output>
          </reporter-output>
        </test-method> <!-- setup -->
        <test-method signature="createProject()[pri:0, instance:moproDCC.moproDCC.createprojectTest@4961f6af]" started-at="2018-06-22T12:17:05Z" name="createProject" finished-at="2018-06-22T12:17:50Z" duration-ms="45243" status="FAIL">
          <exception class="org.apache.xmlbeans.impl.values.XmlValueDisconnectedException">
            <full-stacktrace>
              <![CDATA[org.apache.xmlbeans.impl.values.XmlValueDisconnectedException
	at org.apache.xmlbeans.impl.values.XmlObjectBase.check_orphaned(XmlObjectBase.java:1213)
	at org.apache.xmlbeans.impl.values.XmlObjectBase.newCursor(XmlObjectBase.java:243)
	at org.apache.xmlbeans.impl.values.XmlComplexContentImpl.arraySetterHelper(XmlComplexContentImpl.java:1073)
	at org.openxmlformats.schemas.spreadsheetml.x2006.main.impl.CTFontsImpl.setFontArray(Unknown Source)
	at org.apache.poi.xssf.model.StylesTable.writeTo(StylesTable.java:385)
	at org.apache.poi.xssf.model.StylesTable.commit(StylesTable.java:443)
	at org.apache.poi.POIXMLDocumentPart.onSave(POIXMLDocumentPart.java:313)
	at org.apache.poi.POIXMLDocumentPart.onSave(POIXMLDocumentPart.java:317)
	at org.apache.poi.POIXMLDocument.write(POIXMLDocument.java:173)
	at moproDCC.moproDCC.createprojectTest.createProject(createprojectTest.java:136)
	at java.base/jdk.internal.reflect.NativeMethodAccessorImpl.invoke0(Native Method)
	at java.base/jdk.internal.reflect.NativeMethodAccessorImpl.invoke(Unknown Source)
	at java.base/jdk.internal.reflect.DelegatingMethodAccessorImpl.invoke(Unknown Source)
	at java.base/java.lang.reflect.Method.invoke(Unknown Source)
	at org.testng.internal.MethodInvocationHelper.invokeMethod(MethodInvocationHelper.java:80)
	at org.testng.internal.Invoker.invokeMethod(Invoker.java:714)
	at org.testng.internal.Invoker.invokeTestMethod(Invoker.java:901)
	at org.testng.internal.Invoker.invokeTestMethods(Invoker.java:1231)
	at org.testng.internal.TestMethodWorker.invokeTestMethods(TestMethodWorker.java:127)
	at org.testng.internal.TestMethodWorker.run(TestMethodWorker.java:111)
	at org.testng.TestRunner.privateRun(TestRunner.java:767)
	at org.testng.TestRunner.run(TestRunner.java:617)
	at org.testng.SuiteRunner.runTest(SuiteRunner.java:334)
	at org.testng.SuiteRunner.runSequentially(SuiteRunner.java:329)
	at org.testng.SuiteRunner.privateRun(SuiteRunner.java:291)
	at org.testng.SuiteRunner.run(SuiteRunner.java:240)
	at org.testng.SuiteRunnerWorker.runSuite(SuiteRunnerWorker.java:52)
	at org.testng.SuiteRunnerWorker.run(SuiteRunnerWorker.java:86)
	at org.testng.TestNG.runSuitesSequentially(TestNG.java:1198)
	at org.testng.TestNG.runSuitesLocally(TestNG.java:1123)
	at org.testng.TestNG.run(TestNG.java:1031)
	at org.testng.remote.AbstractRemoteTestNG.run(AbstractRemoteTestNG.java:114)
	at org.testng.remote.RemoteTestNG.initAndRun(RemoteTestNG.java:251)
	at org.testng.remote.RemoteTestNG.main(RemoteTestNG.java:77)
]]>
            </full-stacktrace>
          </exception> <!-- org.apache.xmlbeans.impl.values.XmlValueDisconnectedException -->
          <reporter-output>
          </reporter-output>
        </test-method> <!-- createProject -->
        <test-method is-config="true" signature="close()[pri:0, instance:moproDCC.moproDCC.createprojectTest@4961f6af]" started-at="2018-06-22T12:17:50Z" name="close" finished-at="2018-06-22T12:17:51Z" duration-ms="777" status="PASS">
          <reporter-output>
          </reporter-output>
        </test-method> <!-- close -->
      </class> <!-- moproDCC.moproDCC.createprojectTest -->
    </test> <!-- Default test -->
  </suite> <!-- Default suite -->
</testng-results>
